Connecting to database specified by database.yml
  [1m[36m (10.5ms)[0m  [1mSELECT "schema_migrations"."version" FROM "schema_migrations" [0m
  [1m[35m (0.9ms)[0m  select sqlite_version(*)
  [1m[36m (275.7ms)[0m  [1mCREATE TABLE "movies" ("id" INTEGER PRIMARY KEY AUTOINCREMENT NOT NULL, "title" varchar(255), "rating" varchar(255), "description" text, "release_date" datetime, "created_at" datetime, "updated_at" datetime) [0m
  [1m[35m (7.4ms)[0m  CREATE TABLE "schema_migrations" ("version" varchar(255) NOT NULL) 
  [1m[36m (6.8ms)[0m  [1mCREATE UNIQUE INDEX "unique_schema_migrations" ON "schema_migrations" ("version")[0m
  [1m[35m (0.1ms)[0m  SELECT version FROM "schema_migrations"
  [1m[36m (8.1ms)[0m  [1mINSERT INTO "schema_migrations" (version) VALUES ('20120130161449')[0m
  [1m[35m (7.5ms)[0m  INSERT INTO "schema_migrations" (version) VALUES ('20111119180638')


Started GET "/assets/rails.png" for 127.0.0.1 at 2014-05-26 13:55:46 -0300
Connecting to database specified by database.yml
Served asset /rails.png - 304 Not Modified (15ms)


Started GET "/movies" for 127.0.0.1 at 2014-05-26 13:55:49 -0300
Processing by MoviesController#index as HTML
Redirected to http://localhost:3000/movies?ratings%5BG%5D=1&ratings%5BPG%5D=1&ratings%5BPG-13%5D=1&ratings%5BR%5D=1&sort=title
Completed 302 Found in 1.5ms (ActiveRecord: 0.0ms)


Started GET "/movies?ratings%5BG%5D=1&ratings%5BPG%5D=1&ratings%5BPG-13%5D=1&ratings%5BR%5D=1&sort=title" for 127.0.0.1 at 2014-05-26 13:55:50 -0300
Processing by MoviesController#index as HTML
  Parameters: {"ratings"=>{"G"=>"1", "PG"=>"1", "PG-13"=>"1", "R"=>"1"}, "sort"=>"title"}
  [1m[36mMovie Load (0.8ms)[0m  [1mSELECT "movies".* FROM "movies" WHERE "movies"."rating" IN ('G', 'PG', 'PG-13', 'R') ORDER BY title[0m
  Rendered movies/index.html.haml within layouts/application (39.2ms)
Compiled application.css  (0ms)  (pid 2409)
Compiled jquery.js  (2ms)  (pid 2409)
Compiled jquery_ujs.js  (0ms)  (pid 2409)
Compiled application.js  (82ms)  (pid 2409)
Completed 200 OK in 494.6ms (Views: 261.4ms | ActiveRecord: 6.2ms)


Started GET "/assets/application.css?body=1" for 127.0.0.1 at 2014-05-26 13:55:50 -0300
Served asset /application.css - 304 Not Modified (2ms)


Started GET "/assets/jquery.js?body=1" for 127.0.0.1 at 2014-05-26 13:55:50 -0300
Served asset /jquery.js - 200 OK (6ms)


Started GET "/assets/jquery_ujs.js?body=1" for 127.0.0.1 at 2014-05-26 13:55:50 -0300
Served asset /jquery_ujs.js - 200 OK (2ms)


Started GET "/assets/application.js?body=1" for 127.0.0.1 at 2014-05-26 13:55:50 -0300
Served asset /application.js - 304 Not Modified (20ms)


Started GET "/movies?ratings%5BG%5D=1&ratings%5BPG%5D=1&ratings%5BPG-13%5D=1&ratings%5BR%5D=1&sort=release_date" for 127.0.0.1 at 2014-05-26 13:55:52 -0300
Processing by MoviesController#index as HTML
  Parameters: {"ratings"=>{"G"=>"1", "PG"=>"1", "PG-13"=>"1", "R"=>"1"}, "sort"=>"release_date"}
Redirected to http://localhost:3000/movies?ratings%5BG%5D=1&ratings%5BPG%5D=1&ratings%5BPG-13%5D=1&ratings%5BR%5D=1&sort=release_date
Completed 302 Found in 1.1ms (ActiveRecord: 0.0ms)


Started GET "/movies?ratings%5BG%5D=1&ratings%5BPG%5D=1&ratings%5BPG-13%5D=1&ratings%5BR%5D=1&sort=release_date" for 127.0.0.1 at 2014-05-26 13:55:52 -0300
Processing by MoviesController#index as HTML
  Parameters: {"ratings"=>{"G"=>"1", "PG"=>"1", "PG-13"=>"1", "R"=>"1"}, "sort"=>"release_date"}
  [1m[35mMovie Load (0.5ms)[0m  SELECT "movies".* FROM "movies" WHERE "movies"."rating" IN ('G', 'PG', 'PG-13', 'R') ORDER BY release_date
  Rendered movies/index.html.haml within layouts/application (6.9ms)
Completed 200 OK in 17.2ms (Views: 11.4ms | ActiveRecord: 0.5ms)


Started GET "/assets/application.css?body=1" for 127.0.0.1 at 2014-05-26 13:55:52 -0300
Served asset /application.css - 304 Not Modified (0ms)


Started GET "/assets/application.js?body=1" for 127.0.0.1 at 2014-05-26 13:55:52 -0300
Served asset /application.js - 304 Not Modified (1ms)


Started GET "/movies?utf8=%E2%9C%93&%3Arelease_date_sort=true&ratings%5BG%5D=1&ratings%5BPG%5D=1&ratings%5BR%5D=1&commit=Refresh" for 127.0.0.1 at 2014-05-26 13:55:57 -0300
Processing by MoviesController#index as HTML
  Parameters: {"utf8"=>"✓", ":release_date_sort"=>"true", "ratings"=>{"G"=>"1", "PG"=>"1", "R"=>"1"}, "commit"=>"Refresh"}
Redirected to http://localhost:3000/movies?ratings%5BG%5D=1&ratings%5BPG%5D=1&ratings%5BR%5D=1&sort=release_date
Completed 302 Found in 0.9ms (ActiveRecord: 0.0ms)


Started GET "/movies?ratings%5BG%5D=1&ratings%5BPG%5D=1&ratings%5BR%5D=1&sort=release_date" for 127.0.0.1 at 2014-05-26 13:55:57 -0300
Processing by MoviesController#index as HTML
  Parameters: {"ratings"=>{"G"=>"1", "PG"=>"1", "R"=>"1"}, "sort"=>"release_date"}
  [1m[36mMovie Load (0.5ms)[0m  [1mSELECT "movies".* FROM "movies" WHERE "movies"."rating" IN ('G', 'PG', 'R') ORDER BY release_date[0m
  Rendered movies/index.html.haml within layouts/application (8.7ms)
Completed 200 OK in 14.9ms (Views: 12.7ms | ActiveRecord: 0.5ms)


Started GET "/assets/application.css?body=1" for 127.0.0.1 at 2014-05-26 13:55:57 -0300
Served asset /application.css - 304 Not Modified (0ms)


Started GET "/assets/application.js?body=1" for 127.0.0.1 at 2014-05-26 13:55:57 -0300
Served asset /application.js - 304 Not Modified (5ms)


Started GET "/movies?ratings%5BG%5D=1&ratings%5BPG%5D=1&ratings%5BR%5D=1&sort=title" for 127.0.0.1 at 2014-05-26 13:55:58 -0300
Processing by MoviesController#index as HTML
  Parameters: {"ratings"=>{"G"=>"1", "PG"=>"1", "R"=>"1"}, "sort"=>"title"}
Redirected to http://localhost:3000/movies?ratings%5BG%5D=1&ratings%5BPG%5D=1&ratings%5BR%5D=1&sort=title
Completed 302 Found in 1.5ms (ActiveRecord: 0.0ms)


Started GET "/movies?ratings%5BG%5D=1&ratings%5BPG%5D=1&ratings%5BR%5D=1&sort=title" for 127.0.0.1 at 2014-05-26 13:55:58 -0300
Processing by MoviesController#index as HTML
  Parameters: {"ratings"=>{"G"=>"1", "PG"=>"1", "R"=>"1"}, "sort"=>"title"}
  [1m[35mMovie Load (1.5ms)[0m  SELECT "movies".* FROM "movies" WHERE "movies"."rating" IN ('G', 'PG', 'R') ORDER BY title
  Rendered movies/index.html.haml within layouts/application (15.3ms)
Completed 200 OK in 27.9ms (Views: 24.5ms | ActiveRecord: 1.5ms)


Started GET "/assets/application.css?body=1" for 127.0.0.1 at 2014-05-26 13:55:58 -0300
Served asset /application.css - 304 Not Modified (0ms)


Started GET "/assets/application.js?body=1" for 127.0.0.1 at 2014-05-26 13:55:58 -0300
Served asset /application.js - 304 Not Modified (5ms)


Started GET "/movies?utf8=%E2%9C%93&title_sort=true&ratings%5BPG%5D=1&ratings%5BR%5D=1&commit=Refresh" for 127.0.0.1 at 2014-05-26 13:56:00 -0300
Processing by MoviesController#index as HTML
  Parameters: {"utf8"=>"✓", "title_sort"=>"true", "ratings"=>{"PG"=>"1", "R"=>"1"}, "commit"=>"Refresh"}
Redirected to http://localhost:3000/movies?ratings%5BPG%5D=1&ratings%5BR%5D=1&sort=title
Completed 302 Found in 1.0ms (ActiveRecord: 0.0ms)


Started GET "/movies?ratings%5BPG%5D=1&ratings%5BR%5D=1&sort=title" for 127.0.0.1 at 2014-05-26 13:56:00 -0300
Processing by MoviesController#index as HTML
  Parameters: {"ratings"=>{"PG"=>"1", "R"=>"1"}, "sort"=>"title"}
  [1m[36mMovie Load (0.7ms)[0m  [1mSELECT "movies".* FROM "movies" WHERE "movies"."rating" IN ('PG', 'R') ORDER BY title[0m
  Rendered movies/index.html.haml within layouts/application (8.0ms)
Completed 200 OK in 33.4ms (Views: 16.6ms | ActiveRecord: 0.7ms)


Started GET "/assets/application.css?body=1" for 127.0.0.1 at 2014-05-26 13:56:00 -0300
Served asset /application.css - 304 Not Modified (0ms)


Started GET "/assets/application.js?body=1" for 127.0.0.1 at 2014-05-26 13:56:00 -0300
Served asset /application.js - 304 Not Modified (3ms)


Started GET "/movies?ratings%5BPG%5D=1&ratings%5BR%5D=1&sort=release_date" for 127.0.0.1 at 2014-05-26 13:56:02 -0300
Processing by MoviesController#index as HTML
  Parameters: {"ratings"=>{"PG"=>"1", "R"=>"1"}, "sort"=>"release_date"}
Redirected to http://localhost:3000/movies?ratings%5BPG%5D=1&ratings%5BR%5D=1&sort=release_date
Completed 302 Found in 0.9ms (ActiveRecord: 0.0ms)


Started GET "/movies?ratings%5BPG%5D=1&ratings%5BR%5D=1&sort=release_date" for 127.0.0.1 at 2014-05-26 13:56:02 -0300
Processing by MoviesController#index as HTML
  Parameters: {"ratings"=>{"PG"=>"1", "R"=>"1"}, "sort"=>"release_date"}
  [1m[35mMovie Load (0.5ms)[0m  SELECT "movies".* FROM "movies" WHERE "movies"."rating" IN ('PG', 'R') ORDER BY release_date
  Rendered movies/index.html.haml within layouts/application (29.9ms)
Completed 200 OK in 36.0ms (Views: 34.1ms | ActiveRecord: 0.5ms)


Started GET "/assets/application.css?body=1" for 127.0.0.1 at 2014-05-26 13:56:02 -0300
Served asset /application.css - 304 Not Modified (0ms)


Started GET "/assets/application.js?body=1" for 127.0.0.1 at 2014-05-26 13:56:02 -0300
Served asset /application.js - 304 Not Modified (7ms)
